<?xml version="1.0" encoding="UTF-8"?>
<!-- Generated by org.testng.reporters.JUnitReportReporter -->
<testsuite hostname="DESKTOP-6E2LR27" failures="0" tests="2" name="mvncmd.Sample" time="85.606" errors="0" timestamp="2023-07-05T12:07:53 IST" skipped="0">
  <testcase classname="mvncmd.Sample" name="createCamp" time="39.329"/>
  <system-out/>
  <testcase classname="mvncmd.Sample" name="createOrg" time="46.277"/>
  <system-out/>
</testsuite> <!-- mvncmd.Sample -->
